[2025-09-05 12:28:45,281:INFO:main:>>>> Starting BMW Classification Pipeline <<<<]
[2025-09-05 12:28:45,284:INFO:common:yaml file: config/config.yaml loaded successfully]
[2025-09-05 12:28:45,284:ERROR:main:Pipeline failed]
[2025-09-05 12:33:50,679:INFO:main:>>>> Starting BMW Classification Pipeline <<<<]
[2025-09-05 12:33:50,686:INFO:common:yaml file: config/config.yaml loaded successfully]
[2025-09-05 12:33:50,719:INFO:common:yaml file: params.yaml loaded successfully]
[2025-09-05 12:33:50,730:INFO:common:yaml file: schema.yaml loaded successfully]
[2025-09-05 12:33:50,731:INFO:common:created directory at: artifacts]
[2025-09-05 12:33:50,731:INFO:main:>>>>> Stage 1: Data Ingestion Started <<<<<]
[2025-09-05 12:33:50,731:INFO:common:created directory at: artifacts/data_ingestion]
[2025-09-05 12:33:50,732:INFO:Ingestion:Starting data ingestion]
[2025-09-05 12:33:51,251:INFO:Ingestion:Read data from notebooks/BMW_Car_Sales_Classification.csv with shape (50000, 11)]
[2025-09-05 12:33:51,252:INFO:common:created directory at: artifacts/data_ingestion]
[2025-09-05 12:33:51,253:INFO:Ingestion:Created directory at artifacts/data_ingestion]
[2025-09-05 12:33:51,828:INFO:Ingestion:Saved data to artifacts/data_ingestion/BMW_Car_Sales_Classification.csv]
[2025-09-05 12:33:51,831:INFO:main:>>>>> Stage 1: Data Ingestion Completed <<<<<]
[2025-09-05 12:33:51,831:INFO:main:>>>>> Stage 2: Data Transformation Started <<<<<]
[2025-09-05 12:33:51,831:INFO:common:created directory at: artifacts/data_transformation]
[2025-09-05 12:33:51,832:ERROR:main:Pipeline failed]
[2025-09-05 12:35:07,457:INFO:main:>>>> Starting BMW Classification Pipeline <<<<]
[2025-09-05 12:35:07,460:INFO:common:yaml file: config/config.yaml loaded successfully]
[2025-09-05 12:35:07,471:INFO:common:yaml file: params.yaml loaded successfully]
[2025-09-05 12:35:07,476:INFO:common:yaml file: schema.yaml loaded successfully]
[2025-09-05 12:35:07,477:INFO:common:created directory at: artifacts]
[2025-09-05 12:35:07,477:INFO:main:>>>>> Stage 1: Data Ingestion Started <<<<<]
[2025-09-05 12:35:07,477:INFO:common:created directory at: artifacts/data_ingestion]
[2025-09-05 12:35:07,478:INFO:Ingestion:Starting data ingestion]
[2025-09-05 12:35:07,573:INFO:Ingestion:Read data from notebooks/BMW_Car_Sales_Classification.csv with shape (50000, 11)]
[2025-09-05 12:35:07,574:INFO:common:created directory at: artifacts/data_ingestion]
[2025-09-05 12:35:07,574:INFO:Ingestion:Created directory at artifacts/data_ingestion]
[2025-09-05 12:35:07,905:INFO:Ingestion:Saved data to artifacts/data_ingestion/BMW_Car_Sales_Classification.csv]
[2025-09-05 12:35:07,907:INFO:main:>>>>> Stage 1: Data Ingestion Completed <<<<<]
[2025-09-05 12:35:07,907:INFO:main:>>>>> Stage 2: Data Transformation Started <<<<<]
[2025-09-05 12:35:07,907:INFO:common:created directory at: artifacts/data_transformation]
[2025-09-05 12:35:08,008:INFO:common:created directory at: artifacts/data_transformation]
[2025-09-05 12:35:08,008:INFO:Transformation:Created directory at artifacts/data_transformation]
[2025-09-05 12:35:08,220:INFO:Transformation:Splitted data into train ((40000, 11)) and test ((10000, 11)) sets]
[2025-09-05 12:35:08,324:INFO:Transformation:Column transformer object created successfully]
[2025-09-05 12:35:08,332:INFO:Transformation:Splitting input and target features Success.]
[2025-09-05 12:35:08,332:INFO:Transformation:Applying preprocessing object on training and testing datasets.]
[2025-09-05 12:35:08,474:INFO:Transformation:Preprocessor object saved at artifacts/data_transformation/preprocessor.pkl]
[2025-09-05 12:35:08,474:INFO:Transformation:Data transformation completed successfully.]
[2025-09-05 12:35:08,475:INFO:main:>>>>> Stage 2: Data Transformation Completed <<<<<]
[2025-09-05 12:35:08,475:INFO:main:>>>>> Stage 3: Model Training Started <<<<<]
[2025-09-05 12:35:08,476:INFO:common:created directory at: artifacts/model_trainer]
[2025-09-05 12:35:08,476:ERROR:main:Pipeline failed]
[2025-09-05 12:37:05,258:INFO:main:>>>> Starting BMW Classification Pipeline <<<<]
[2025-09-05 12:37:05,263:INFO:common:yaml file: config/config.yaml loaded successfully]
[2025-09-05 12:37:05,284:INFO:common:yaml file: params.yaml loaded successfully]
[2025-09-05 12:37:05,288:INFO:common:yaml file: schema.yaml loaded successfully]
[2025-09-05 12:37:05,288:INFO:common:created directory at: artifacts]
[2025-09-05 12:37:05,288:INFO:main:>>>>> Stage 1: Data Ingestion Started <<<<<]
[2025-09-05 12:37:05,289:INFO:common:created directory at: artifacts/data_ingestion]
[2025-09-05 12:37:05,289:INFO:Ingestion:Starting data ingestion]
[2025-09-05 12:37:05,439:INFO:Ingestion:Read data from notebooks/BMW_Car_Sales_Classification.csv with shape (50000, 11)]
[2025-09-05 12:37:05,440:INFO:common:created directory at: artifacts/data_ingestion]
[2025-09-05 12:37:05,440:INFO:Ingestion:Created directory at artifacts/data_ingestion]
[2025-09-05 12:37:05,981:INFO:Ingestion:Saved data to artifacts/data_ingestion/BMW_Car_Sales_Classification.csv]
[2025-09-05 12:37:05,983:INFO:main:>>>>> Stage 1: Data Ingestion Completed <<<<<]
[2025-09-05 12:37:05,983:INFO:main:>>>>> Stage 2: Data Transformation Started <<<<<]
[2025-09-05 12:37:05,983:INFO:common:created directory at: artifacts/data_transformation]
[2025-09-05 12:37:06,191:INFO:common:created directory at: artifacts/data_transformation]
[2025-09-05 12:37:06,191:INFO:Transformation:Created directory at artifacts/data_transformation]
[2025-09-05 12:37:06,812:INFO:Transformation:Splitted data into train ((40000, 11)) and test ((10000, 11)) sets]
[2025-09-05 12:37:07,042:INFO:Transformation:Column transformer object created successfully]
[2025-09-05 12:37:07,055:INFO:Transformation:Splitting input and target features Success.]
[2025-09-05 12:37:07,055:INFO:Transformation:Applying preprocessing object on training and testing datasets.]
[2025-09-05 12:37:07,360:INFO:Transformation:Preprocessor object saved at artifacts/data_transformation/preprocessor.pkl]
[2025-09-05 12:37:07,360:INFO:Transformation:Data transformation completed successfully.]
[2025-09-05 12:37:07,365:INFO:main:>>>>> Stage 2: Data Transformation Completed <<<<<]
[2025-09-05 12:37:07,367:INFO:main:>>>>> Stage 3: Model Training Started <<<<<]
[2025-09-05 12:37:07,369:INFO:common:created directory at: artifacts/model_trainer]
[2025-09-05 12:37:07,398:ERROR:main:Pipeline failed]
[2025-09-05 12:37:51,625:INFO:main:>>>> Starting BMW Classification Pipeline <<<<]
[2025-09-05 12:37:51,627:INFO:common:yaml file: config/config.yaml loaded successfully]
[2025-09-05 12:37:51,642:INFO:common:yaml file: params.yaml loaded successfully]
[2025-09-05 12:37:51,647:INFO:common:yaml file: schema.yaml loaded successfully]
[2025-09-05 12:37:51,648:INFO:common:created directory at: artifacts]
[2025-09-05 12:37:51,648:INFO:main:>>>>> Stage 1: Data Ingestion Started <<<<<]
[2025-09-05 12:37:51,648:INFO:common:created directory at: artifacts/data_ingestion]
[2025-09-05 12:37:51,648:INFO:Ingestion:Starting data ingestion]
[2025-09-05 12:37:51,764:INFO:Ingestion:Read data from notebooks/BMW_Car_Sales_Classification.csv with shape (50000, 11)]
[2025-09-05 12:37:51,764:INFO:common:created directory at: artifacts/data_ingestion]
[2025-09-05 12:37:51,765:INFO:Ingestion:Created directory at artifacts/data_ingestion]
[2025-09-05 12:37:52,009:INFO:Ingestion:Saved data to artifacts/data_ingestion/BMW_Car_Sales_Classification.csv]
[2025-09-05 12:37:52,011:INFO:main:>>>>> Stage 1: Data Ingestion Completed <<<<<]
[2025-09-05 12:37:52,011:INFO:main:>>>>> Stage 2: Data Transformation Started <<<<<]
[2025-09-05 12:37:52,011:INFO:common:created directory at: artifacts/data_transformation]
[2025-09-05 12:37:52,106:INFO:common:created directory at: artifacts/data_transformation]
[2025-09-05 12:37:52,106:INFO:Transformation:Created directory at artifacts/data_transformation]
[2025-09-05 12:37:52,345:INFO:Transformation:Splitted data into train ((40000, 11)) and test ((10000, 11)) sets]
[2025-09-05 12:37:52,442:INFO:Transformation:Column transformer object created successfully]
[2025-09-05 12:37:52,447:INFO:Transformation:Splitting input and target features Success.]
[2025-09-05 12:37:52,447:INFO:Transformation:Applying preprocessing object on training and testing datasets.]
[2025-09-05 12:37:52,578:INFO:Transformation:Preprocessor object saved at artifacts/data_transformation/preprocessor.pkl]
[2025-09-05 12:37:52,578:INFO:Transformation:Data transformation completed successfully.]
[2025-09-05 12:37:52,579:INFO:main:>>>>> Stage 2: Data Transformation Completed <<<<<]
[2025-09-05 12:37:52,579:INFO:main:>>>>> Stage 3: Model Training Started <<<<<]
[2025-09-05 12:37:52,579:INFO:common:created directory at: artifacts/model_trainer]
[2025-09-05 12:37:52,585:ERROR:main:Pipeline failed]
[2025-09-05 12:38:28,462:INFO:main:>>>> Starting BMW Classification Pipeline <<<<]
[2025-09-05 12:38:28,466:INFO:common:yaml file: config/config.yaml loaded successfully]
[2025-09-05 12:38:28,484:INFO:common:yaml file: params.yaml loaded successfully]
[2025-09-05 12:38:28,487:INFO:common:yaml file: schema.yaml loaded successfully]
[2025-09-05 12:38:28,489:INFO:common:created directory at: artifacts]
[2025-09-05 12:38:28,490:INFO:main:>>>>> Stage 1: Data Ingestion Started <<<<<]
[2025-09-05 12:38:28,492:INFO:common:created directory at: artifacts/data_ingestion]
[2025-09-05 12:38:28,492:INFO:Ingestion:Starting data ingestion]
[2025-09-05 12:38:28,637:INFO:Ingestion:Read data from notebooks/BMW_Car_Sales_Classification.csv with shape (50000, 11)]
[2025-09-05 12:38:28,637:INFO:common:created directory at: artifacts/data_ingestion]
[2025-09-05 12:38:28,637:INFO:Ingestion:Created directory at artifacts/data_ingestion]
[2025-09-05 12:38:28,974:INFO:Ingestion:Saved data to artifacts/data_ingestion/BMW_Car_Sales_Classification.csv]
[2025-09-05 12:38:28,978:INFO:main:>>>>> Stage 1: Data Ingestion Completed <<<<<]
[2025-09-05 12:38:28,978:INFO:main:>>>>> Stage 2: Data Transformation Started <<<<<]
[2025-09-05 12:38:28,979:INFO:common:created directory at: artifacts/data_transformation]
[2025-09-05 12:38:29,133:INFO:common:created directory at: artifacts/data_transformation]
[2025-09-05 12:38:29,134:INFO:Transformation:Created directory at artifacts/data_transformation]
[2025-09-05 12:38:29,480:INFO:Transformation:Splitted data into train ((40000, 11)) and test ((10000, 11)) sets]
[2025-09-05 12:38:29,616:INFO:Transformation:Column transformer object created successfully]
[2025-09-05 12:38:29,625:INFO:Transformation:Splitting input and target features Success.]
[2025-09-05 12:38:29,625:INFO:Transformation:Applying preprocessing object on training and testing datasets.]
[2025-09-05 12:38:29,852:INFO:Transformation:Preprocessor object saved at artifacts/data_transformation/preprocessor.pkl]
[2025-09-05 12:38:29,853:INFO:Transformation:Data transformation completed successfully.]
[2025-09-05 12:38:29,854:INFO:main:>>>>> Stage 2: Data Transformation Completed <<<<<]
[2025-09-05 12:38:29,854:INFO:main:>>>>> Stage 3: Model Training Started <<<<<]
[2025-09-05 12:38:29,854:INFO:common:created directory at: artifacts/model_trainer]
[2025-09-05 12:38:29,867:ERROR:main:Pipeline failed]
[2025-09-05 12:39:01,905:INFO:main:>>>> Starting BMW Classification Pipeline <<<<]
[2025-09-05 12:39:01,913:INFO:common:yaml file: config/config.yaml loaded successfully]
[2025-09-05 12:39:01,932:INFO:common:yaml file: params.yaml loaded successfully]
[2025-09-05 12:39:01,935:INFO:common:yaml file: schema.yaml loaded successfully]
[2025-09-05 12:39:01,935:INFO:common:created directory at: artifacts]
[2025-09-05 12:39:01,936:INFO:main:>>>>> Stage 1: Data Ingestion Started <<<<<]
[2025-09-05 12:39:01,936:INFO:common:created directory at: artifacts/data_ingestion]
[2025-09-05 12:39:01,936:INFO:Ingestion:Starting data ingestion]
[2025-09-05 12:39:02,137:INFO:Ingestion:Read data from notebooks/BMW_Car_Sales_Classification.csv with shape (50000, 11)]
[2025-09-05 12:39:02,138:INFO:common:created directory at: artifacts/data_ingestion]
[2025-09-05 12:39:02,138:INFO:Ingestion:Created directory at artifacts/data_ingestion]
[2025-09-05 12:39:02,571:INFO:Ingestion:Saved data to artifacts/data_ingestion/BMW_Car_Sales_Classification.csv]
[2025-09-05 12:39:02,577:INFO:main:>>>>> Stage 1: Data Ingestion Completed <<<<<]
[2025-09-05 12:39:02,577:INFO:main:>>>>> Stage 2: Data Transformation Started <<<<<]
[2025-09-05 12:39:02,578:INFO:common:created directory at: artifacts/data_transformation]
[2025-09-05 12:39:02,748:INFO:common:created directory at: artifacts/data_transformation]
[2025-09-05 12:39:02,748:INFO:Transformation:Created directory at artifacts/data_transformation]
[2025-09-05 12:39:03,138:INFO:Transformation:Splitted data into train ((40000, 11)) and test ((10000, 11)) sets]
[2025-09-05 12:39:03,299:INFO:Transformation:Column transformer object created successfully]
[2025-09-05 12:39:03,311:INFO:Transformation:Splitting input and target features Success.]
[2025-09-05 12:39:03,312:INFO:Transformation:Applying preprocessing object on training and testing datasets.]
[2025-09-05 12:39:03,528:INFO:Transformation:Preprocessor object saved at artifacts/data_transformation/preprocessor.pkl]
[2025-09-05 12:39:03,529:INFO:Transformation:Data transformation completed successfully.]
[2025-09-05 12:39:03,532:INFO:main:>>>>> Stage 2: Data Transformation Completed <<<<<]
[2025-09-05 12:39:03,532:INFO:main:>>>>> Stage 3: Model Training Started <<<<<]
[2025-09-05 12:39:03,532:INFO:common:created directory at: artifacts/model_trainer]
[2025-09-05 13:05:38,669:INFO:trainer:Best model: DecisionTreeClassifier with F1 score: 1.0]
[2025-09-05 13:05:38,687:ERROR:main:Pipeline failed]
[2025-09-05 13:44:27,351:INFO:main:>>>> Starting BMW Classification Pipeline <<<<]
[2025-09-05 13:44:27,402:INFO:common:yaml file: config/config.yaml loaded successfully]
[2025-09-05 13:44:27,415:INFO:common:yaml file: params.yaml loaded successfully]
[2025-09-05 13:44:27,418:INFO:common:yaml file: schema.yaml loaded successfully]
[2025-09-05 13:44:27,419:INFO:common:created directory at: artifacts]
[2025-09-05 13:44:27,419:INFO:main:>>>>> Stage 1: Data Ingestion Started <<<<<]
[2025-09-05 13:44:27,419:INFO:common:created directory at: artifacts/data_ingestion]
[2025-09-05 13:44:27,420:INFO:Ingestion:Starting data ingestion]
[2025-09-05 13:44:27,566:INFO:Ingestion:Read data from notebooks/BMW_Car_Sales_Classification.csv with shape (50000, 11)]
[2025-09-05 13:44:27,567:INFO:common:created directory at: artifacts/data_ingestion]
[2025-09-05 13:44:27,567:INFO:Ingestion:Created directory at artifacts/data_ingestion]
[2025-09-05 13:44:27,822:INFO:Ingestion:Saved data to artifacts/data_ingestion/BMW_Car_Sales_Classification.csv]
[2025-09-05 13:44:27,823:INFO:main:>>>>> Stage 1: Data Ingestion Completed <<<<<]
[2025-09-05 13:44:27,823:INFO:main:>>>>> Stage 2: Data Transformation Started <<<<<]
[2025-09-05 13:44:27,824:INFO:common:created directory at: artifacts/data_transformation]
[2025-09-05 13:44:27,969:INFO:common:created directory at: artifacts/data_transformation]
[2025-09-05 13:44:27,970:INFO:Transformation:Created directory at artifacts/data_transformation]
[2025-09-05 13:44:28,308:INFO:Transformation:Splitted data into train ((40000, 11)) and test ((10000, 11)) sets]
[2025-09-05 13:44:28,441:INFO:Transformation:Column transformer object created successfully]
[2025-09-05 13:44:28,452:INFO:Transformation:Splitting input and target features Success.]
[2025-09-05 13:44:28,452:INFO:Transformation:Applying preprocessing object on training and testing datasets.]
[2025-09-05 13:44:28,758:INFO:Transformation:Preprocessor object saved at artifacts/data_transformation/preprocessor.pkl]
[2025-09-05 13:44:28,758:INFO:Transformation:Data transformation completed successfully.]
[2025-09-05 13:44:28,763:INFO:main:>>>>> Stage 2: Data Transformation Completed <<<<<]
[2025-09-05 13:44:28,764:INFO:main:>>>>> Stage 3: Model Training Started <<<<<]
[2025-09-05 13:44:28,765:INFO:common:created directory at: artifacts/model_trainer]
[2025-09-05 13:58:01,762:INFO:main:>>>> Starting BMW Classification Pipeline <<<<]
[2025-09-05 13:58:01,774:INFO:common:yaml file: config/config.yaml loaded successfully]
[2025-09-05 13:58:01,803:INFO:common:yaml file: params.yaml loaded successfully]
[2025-09-05 13:58:01,816:INFO:common:yaml file: schema.yaml loaded successfully]
[2025-09-05 13:58:01,817:INFO:common:created directory at: artifacts]
[2025-09-05 13:58:01,821:INFO:main:>>>>> Stage 1: Data Ingestion Started <<<<<]
[2025-09-05 13:58:01,822:INFO:common:created directory at: artifacts/data_ingestion]
[2025-09-05 13:58:01,822:INFO:Ingestion:Starting data ingestion]
[2025-09-05 13:58:02,008:INFO:Ingestion:Read data from notebooks/BMW_Car_Sales_Classification.csv with shape (50000, 11)]
[2025-09-05 13:58:02,009:INFO:common:created directory at: artifacts/data_ingestion]
[2025-09-05 13:58:02,009:INFO:Ingestion:Created directory at artifacts/data_ingestion]
[2025-09-05 13:58:02,590:INFO:Ingestion:Saved data to artifacts/data_ingestion/BMW_Car_Sales_Classification.csv]
[2025-09-05 13:58:02,592:INFO:main:>>>>> Stage 1: Data Ingestion Completed <<<<<]
[2025-09-05 13:58:02,592:INFO:main:>>>>> Stage 2: Data Transformation Started <<<<<]
[2025-09-05 13:58:02,593:INFO:common:created directory at: artifacts/data_transformation]
[2025-09-05 13:58:02,739:INFO:common:created directory at: artifacts/data_transformation]
[2025-09-05 13:58:02,739:INFO:Transformation:Created directory at artifacts/data_transformation]
[2025-09-05 13:58:03,157:INFO:Transformation:Splitted data into train ((40000, 11)) and test ((10000, 11)) sets]
[2025-09-05 13:58:03,298:INFO:Transformation:Column transformer object created successfully]
[2025-09-05 13:58:03,306:INFO:Transformation:Splitting input and target features Success.]
[2025-09-05 13:58:03,306:INFO:Transformation:Applying preprocessing object on training and testing datasets.]
[2025-09-05 13:58:03,534:INFO:Transformation:Preprocessor object saved at artifacts/data_transformation/preprocessor.pkl]
[2025-09-05 13:58:03,535:INFO:Transformation:Data transformation completed successfully.]
[2025-09-05 13:58:03,541:INFO:main:>>>>> Stage 2: Data Transformation Completed <<<<<]
[2025-09-05 13:58:03,543:INFO:main:>>>>> Stage 3: Model Training Started <<<<<]
[2025-09-05 13:58:03,545:INFO:common:created directory at: artifacts/model_trainer]
[2025-09-05 18:09:57,658:INFO:main:>>>> Starting BMW Classification Pipeline <<<<]
[2025-09-05 18:09:57,666:INFO:common:yaml file: config/config.yaml loaded successfully]
[2025-09-05 18:09:57,682:INFO:common:yaml file: params.yaml loaded successfully]
[2025-09-05 18:09:57,691:INFO:common:yaml file: schema.yaml loaded successfully]
[2025-09-05 18:09:57,692:INFO:common:created directory at: artifacts]
[2025-09-05 18:09:57,692:INFO:main:>>>>> Stage 1: Data Ingestion Started <<<<<]
[2025-09-05 18:09:57,692:INFO:common:created directory at: artifacts/data_ingestion]
[2025-09-05 18:09:57,692:INFO:Ingestion:Starting data ingestion]
[2025-09-05 18:09:57,803:INFO:Ingestion:Read data from notebooks/BMW_Car_Sales_Classification.csv with shape (50000, 11)]
[2025-09-05 18:09:57,803:INFO:common:created directory at: artifacts/data_ingestion]
[2025-09-05 18:09:57,804:INFO:Ingestion:Created directory at artifacts/data_ingestion]
[2025-09-05 18:09:58,059:INFO:Ingestion:Saved data to artifacts/data_ingestion/BMW_Car_Sales_Classification.csv]
[2025-09-05 18:09:58,060:INFO:main:>>>>> Stage 1: Data Ingestion Completed <<<<<]
[2025-09-05 18:09:58,060:INFO:main:>>>>> Stage 2: Data Transformation Started <<<<<]
[2025-09-05 18:09:58,061:INFO:common:created directory at: artifacts/data_transformation]
[2025-09-05 18:09:58,151:INFO:common:created directory at: artifacts/data_transformation]
[2025-09-05 18:09:58,151:INFO:Transformation:Created directory at artifacts/data_transformation]
[2025-09-05 18:09:58,393:INFO:Transformation:Splitted data into train ((40000, 11)) and test ((10000, 11)) sets]
[2025-09-05 18:09:58,486:INFO:Transformation:Column transformer object created successfully]
[2025-09-05 18:09:58,491:INFO:Transformation:Splitting input and target features Success.]
[2025-09-05 18:09:58,491:INFO:Transformation:Applying preprocessing object on training and testing datasets.]
[2025-09-05 18:09:58,823:INFO:Transformation:Preprocessor object saved at artifacts/data_transformation/preprocessor.pkl]
[2025-09-05 18:09:58,823:INFO:Transformation:Data transformation completed successfully.]
[2025-09-05 18:09:58,826:INFO:main:>>>>> Stage 2: Data Transformation Completed <<<<<]
[2025-09-05 18:09:58,826:INFO:main:>>>>> Stage 3: Model Training Started <<<<<]
[2025-09-05 18:09:58,826:INFO:common:created directory at: artifacts/model_trainer]
[2025-09-05 18:56:52,346:INFO:main:>>>> Starting BMW Classification Pipeline <<<<]
[2025-09-05 18:56:52,349:INFO:common:yaml file: config/config.yaml loaded successfully]
[2025-09-05 18:56:52,365:INFO:common:yaml file: params.yaml loaded successfully]
[2025-09-05 18:56:52,367:INFO:common:yaml file: schema.yaml loaded successfully]
[2025-09-05 18:56:52,368:INFO:common:created directory at: artifacts]
[2025-09-05 18:56:52,368:INFO:main:>>>>> Stage 1: Data Ingestion Started <<<<<]
[2025-09-05 18:56:52,368:INFO:common:created directory at: artifacts/data_ingestion]
[2025-09-05 18:56:52,368:INFO:Ingestion:Starting data ingestion]
[2025-09-05 18:56:52,472:INFO:Ingestion:Read data from notebooks/BMW_Car_Sales_Classification.csv with shape (50000, 11)]
[2025-09-05 18:56:52,472:INFO:common:created directory at: artifacts/data_ingestion]
[2025-09-05 18:56:52,472:INFO:Ingestion:Created directory at artifacts/data_ingestion]
[2025-09-05 18:56:52,823:INFO:Ingestion:Saved data to artifacts/data_ingestion/BMW_Car_Sales_Classification.csv]
[2025-09-05 18:56:52,825:INFO:main:>>>>> Stage 1: Data Ingestion Completed <<<<<]
[2025-09-05 18:56:52,825:INFO:main:>>>>> Stage 2: Data Transformation Started <<<<<]
[2025-09-05 18:56:52,825:INFO:common:created directory at: artifacts/data_transformation]
[2025-09-05 18:56:52,934:INFO:common:created directory at: artifacts/data_transformation]
[2025-09-05 18:56:52,934:INFO:Transformation:Created directory at artifacts/data_transformation]
[2025-09-05 18:56:53,260:INFO:Transformation:Splitted data into train ((40000, 11)) and test ((10000, 11)) sets]
[2025-09-05 18:56:53,362:INFO:Transformation:Column transformer object created successfully]
[2025-09-05 18:56:53,367:INFO:Transformation:Splitting input and target features Success.]
[2025-09-05 18:56:53,367:INFO:Transformation:Applying preprocessing object on training and testing datasets.]
[2025-09-05 18:56:53,508:INFO:Transformation:Preprocessor object saved at artifacts/data_transformation/preprocessor.pkl]
[2025-09-05 18:56:53,509:INFO:Transformation:Data transformation completed successfully.]
[2025-09-05 18:56:53,510:INFO:main:>>>>> Stage 2: Data Transformation Completed <<<<<]
[2025-09-05 18:56:53,510:INFO:main:>>>>> Stage 3: Model Training Started <<<<<]
[2025-09-05 18:56:53,510:INFO:common:created directory at: artifacts/model_trainer]
[2025-09-05 19:06:26,942:INFO:trainer:Best model: RandomForestClassifier with F1 score: 1.0]
[2025-09-05 19:06:27,841:INFO:trainer:Best model saved at artifacts/model_trainer/bmw_model.pkl]
[2025-09-05 19:06:27,845:INFO:main:>>>>> Stage 3: Model Training Completed <<<<<]
[2025-09-05 19:06:27,845:INFO:main:>>>> BMW Classification Pipeline Finished Successfully <<<<]
[2025-09-05 19:08:15,550:INFO:predict:Loaded trained model from artifacts/model_trainer/bmw_model.pkl]
[2025-09-05 19:08:15,601:INFO:predict:Loaded preprocessor from artifacts/data_transformation/preprocessor.pkl]
[2025-09-05 19:08:18,689:INFO:predict:Loaded trained model from artifacts/model_trainer/bmw_model.pkl]
[2025-09-05 19:08:18,692:INFO:predict:Loaded preprocessor from artifacts/data_transformation/preprocessor.pkl]
[2025-09-05 19:08:18,706:INFO:predict:Starting prediction pipeline]
[2025-09-05 19:08:18,722:INFO:predict:Applied preprocessing to input data]
[2025-09-05 19:08:18,760:INFO:predict:Generated predictions]
